mode: set
go-boiler-clean/internal/adapter/outbound/orm/base.go:35.64,40.2 1 0
go-boiler-clean/internal/adapter/outbound/orm/base.go:42.45,44.2 1 0
go-boiler-clean/internal/adapter/outbound/orm/base.go:46.184,55.16 6 0
go-boiler-clean/internal/adapter/outbound/orm/base.go:58.2,58.26 1 0
go-boiler-clean/internal/adapter/outbound/orm/base.go:55.16,57.3 1 0
go-boiler-clean/internal/adapter/outbound/orm/base.go:61.68,65.16 4 0
go-boiler-clean/internal/adapter/outbound/orm/base.go:68.2,68.20 1 0
go-boiler-clean/internal/adapter/outbound/orm/base.go:65.16,67.3 1 0
go-boiler-clean/internal/adapter/outbound/orm/base.go:71.71,75.2 3 0
go-boiler-clean/internal/adapter/outbound/orm/base.go:76.74,79.2 2 0
go-boiler-clean/internal/adapter/outbound/orm/base.go:81.79,84.2 2 0
go-boiler-clean/internal/adapter/outbound/orm/base.go:86.64,88.2 1 0
go-boiler-clean/internal/adapter/outbound/orm/base.go:90.87,91.28 1 0
go-boiler-clean/internal/adapter/outbound/orm/base.go:91.28,92.27 1 0
go-boiler-clean/internal/adapter/outbound/orm/base.go:95.3,95.65 1 0
go-boiler-clean/internal/adapter/outbound/orm/base.go:92.27,94.4 1 0
go-boiler-clean/internal/adapter/outbound/orm/base.go:102.116,104.28 2 0
go-boiler-clean/internal/adapter/outbound/orm/base.go:121.2,121.13 1 0
go-boiler-clean/internal/adapter/outbound/orm/base.go:104.28,106.30 2 0
go-boiler-clean/internal/adapter/outbound/orm/base.go:109.3,110.28 2 0
go-boiler-clean/internal/adapter/outbound/orm/base.go:114.3,119.31 5 0
go-boiler-clean/internal/adapter/outbound/orm/base.go:106.30,108.4 1 0
go-boiler-clean/internal/adapter/outbound/orm/base.go:110.28,112.4 1 0
go-boiler-clean/internal/adapter/outbound/orm/orm.go:16.36,21.2 1 0
go-boiler-clean/internal/adapter/outbound/orm/transaction.go:21.58,26.2 2 0
go-boiler-clean/internal/adapter/outbound/orm/transaction.go:28.63,30.2 1 0
go-boiler-clean/internal/adapter/outbound/orm/user.go:21.44,26.2 2 0
go-boiler-clean/internal/adapter/outbound/orm/user.go:28.56,30.2 1 0
